<?xml version="1.0" encoding="UTF-8"?>
<testng-results ignored="0" total="1" passed="1" failed="0" skipped="0">
  <reporter-output>
  </reporter-output>
  <suite started-at="2023-05-06T12:28:41 IST" name="Default suite" finished-at="2023-05-06T12:28:53 IST" duration-ms="12184">
    <groups>
    </groups>
    <test started-at="2023-05-06T12:28:41 IST" name="Default test" finished-at="2023-05-06T12:28:53 IST" duration-ms="12184">
      <class name="testngpkg.JD">
        <test-method is-config="true" signature="setUp()[pri:0, instance:testngpkg.JD@2dc54ad4]" started-at="2023-05-06T12:28:41 IST" name="setUp" finished-at="2023-05-06T12:28:51 IST" duration-ms="10003" status="PASS">
          <reporter-output>
          </reporter-output>
        </test-method> <!-- setUp -->
        <test-method signature="test1()[pri:0, instance:testngpkg.JD@2dc54ad4]" started-at="2023-05-06T12:28:51 IST" name="test1" finished-at="2023-05-06T12:28:53 IST" duration-ms="2129" status="PASS">
          <reporter-output>
          </reporter-output>
        </test-method> <!-- test1 -->
      </class> <!-- testngpkg.JD -->
    </test> <!-- Default test -->
  </suite> <!-- Default suite -->
</testng-results>
